<?xml version="1.0" encoding="UTF-8"?>
<!-- Generated by org.testng.reporters.JUnitReportReporter -->
<testsuite hostname="5CD93439TM" failures="0" tests="3" name="com.crm.qa.testcases.LoginPageTest" time="43.263" errors="0" timestamp="2021-11-24T14:24:37 IST" skipped="0">
  <testcase classname="com.crm.qa.testcases.LoginPageTest" name="loginPageTitleTest" time="8.927"/>
  <system-out/>
  <testcase classname="com.crm.qa.testcases.LoginPageTest" name="crmLogoImageTest" time="11.793"/>
  <system-out/>
  <testcase classname="com.crm.qa.testcases.LoginPageTest" name="loginTest" time="22.543"/>
  <system-out/>
</testsuite> <!-- com.crm.qa.testcases.LoginPageTest -->
