<?xml version="1.0" encoding="UTF-8"?>
<!-- Generated by org.testng.reporters.JUnitReportReporter -->
<testsuite hostname="5CD93439TM" failures="0" tests="3" name="com.crm.qa.testcases.LoginPageTest" time="31.848" errors="0" timestamp="2021-11-24T15:48:34 IST" skipped="0">
  <testcase classname="com.crm.qa.testcases.LoginPageTest" name="loginPageTitleTest" time="7.341"/>
  <system-out/>
  <testcase classname="com.crm.qa.testcases.LoginPageTest" name="crmLogoImageTest" time="7.299"/>
  <system-out/>
  <testcase classname="com.crm.qa.testcases.LoginPageTest" name="loginTest" time="17.208"/>
  <system-out/>
</testsuite> <!-- com.crm.qa.testcases.LoginPageTest -->
